<?xml version="1.0" encoding="UTF-8"?>
<!-- Generated by org.testng.reporters.JUnitXMLReporter -->
<testsuite hostname="NODE516" name="Chrome Test" tests="3" failures="0" timestamp="24 Aug 2016 11:37:19 GMT" time="63.826" errors="0">
  <testcase name="test" time="0.061" classname="com.gspann.selenium.SeleniumIrctTest"/>
  <testcase name="test" time="0.047" classname="com.gspann.selenium.SeleniumIrctTest"/>
  <testcase name="test1" time="63.059" classname="com.gspann.selenium.SeleniumIrctTest"/>
</testsuite> <!-- Chrome Test -->
