<?xml version="1.0" encoding="UTF-8"?>
<!-- Generated by org.testng.reporters.JUnitXMLReporter -->
<testsuite hostname="NODE516" name="Firefox Test" tests="3" failures="0" timestamp="24 Aug 2016 11:37:25 GMT" time="70.519" errors="0">
  <testcase name="test" time="0.066" classname="com.gspann.selenium.SeleniumIrctTest"/>
  <testcase name="test" time="0.073" classname="com.gspann.selenium.SeleniumIrctTest"/>
  <testcase name="test1" time="69.736" classname="com.gspann.selenium.SeleniumIrctTest"/>
</testsuite> <!-- Firefox Test -->
