<?xml version="1.0" encoding="UTF-8"?>
<!-- Generated by org.testng.reporters.JUnitXMLReporter -->
<testsuite hostname="NODE516" name="IrctcTest Test1" tests="1" failures="1" timestamp="26 Aug 2016 13:02:31 GMT" time="13.148" errors="0">
  <testcase name="test1" time="0.024" classname="com.gspann.test.IrctcTest">
    <failure type="java.lang.NullPointerException">
      <![CDATA[java.lang.NullPointerException
	at com.gspann.pageobjects.FlightsPage.clickOnFlightButton(FlightsPage.java:18)
	at com.gspann.test.IrctcTest.test1(IrctcTest.java:19)
	at java.util.concurrent.FutureTask.run(Unknown Source)
	at java.util.concurrent.ThreadPoolExecutor.runWorker(Unknown Source)
	at java.util.concurrent.ThreadPoolExecutor$Worker.run(Unknown Source)
	at java.lang.Thread.run(Unknown Source)
... Removed 16 stack frames]]>
    </failure>
  </testcase> <!-- test1 -->
</testsuite> <!-- IrctcTest Test1 -->
